[2018-01-04 15:11:51:763] [ERROR] [method:com.redis.redis_java.RedisUtils.get(RedisUtils.java:101)]
Cache获取失败：java.lang.NullPointerException

[2018-01-04 15:11:51:770] [ERROR] [method:com.redis.redis_java.RedisUtils.save(RedisUtils.java:80)]
Cache保存失败：java.lang.NullPointerException

[2018-01-04 15:18:44:623] [ERROR] [method:com.redis.redis_java.RedisUtils.get(RedisUtils.java:101)]
Cache获取失败：java.lang.NullPointerException

[2018-01-04 15:18:44:628] [ERROR] [method:com.redis.redis_java.RedisUtils.save(RedisUtils.java:80)]
Cache保存失败：java.lang.NullPointerException

[2018-01-04 15:43:53:365] [ERROR] [method:com.redis.redis_java.RedisUtils.get(RedisUtils.java:101)]
Cache获取失败：java.lang.NullPointerException

[2018-01-04 15:43:53:383] [ERROR] [method:com.redis.redis_java.RedisUtils.save(RedisUtils.java:80)]
Cache保存失败：java.lang.NullPointerException

[2018-01-04 15:47:28:659] [ERROR] [method:com.redis.redis_java.RedisUtils.get(RedisUtils.java:101)]
Cache获取失败：java.lang.NullPointerException

[2018-01-04 15:47:28:663] [ERROR] [method:com.redis.redis_java.RedisUtils.save(RedisUtils.java:80)]
Cache保存失败：java.lang.NullPointerException

[2018-01-04 15:49:20:961] [ERROR] [method:com.redis.redis_java.RedisUtils.get(RedisUtils.java:101)]
Cache获取失败：java.lang.NullPointerException

[2018-01-04 15:49:20:969] [ERROR] [method:com.redis.redis_java.RedisUtils.save(RedisUtils.java:60)]
-------------：null

[2018-01-04 15:49:20:969] [ERROR] [method:com.redis.redis_java.RedisUtils.save(RedisUtils.java:80)]
Cache保存失败：java.lang.NullPointerException

[2018-01-04 15:53:58:174] [ERROR] [method:com.redis.redis_java.RedisUtils.get(RedisUtils.java:101)]
Cache获取失败：java.lang.NullPointerException

[2018-01-04 15:53:58:177] [ERROR] [method:com.redis.redis_java.RedisUtils.save(RedisUtils.java:60)]
-------------：null

[2018-01-04 15:53:58:178] [ERROR] [method:com.redis.redis_java.RedisUtils.save(RedisUtils.java:80)]
Cache保存失败：java.lang.NullPointerException

[2018-01-04 16:05:51:968] [ERROR] [method:com.redis.redis_java.RedisUtils.save(RedisUtils.java:60)]
-------------：redis.clients.jedis.JedisSentinelPool@78dd667e

